2021-06-22 18:13:29.459  INFO 3752 --- [restartedMain] c.jrp.pma.ProjectManegementApplication   : Starting ProjectManegementApplication on DESKTOP-3R63RPJ with PID 3752 (E:\Spring\SpringCourse\target\classes started by maste in E:\Spring\SpringCourse)
2021-06-22 18:13:29.465 DEBUG 3752 --- [restartedMain] c.jrp.pma.ProjectManegementApplication   : Running with Spring Boot v2.2.6.RELEASE, Spring v5.2.5.RELEASE
2021-06-22 18:13:29.466  INFO 3752 --- [restartedMain] c.jrp.pma.ProjectManegementApplication   : The following profiles are active: dev
2021-06-22 18:13:29.509  INFO 3752 --- [restartedMain] o.s.b.devtools.restart.ChangeableUrls    : The Class-Path manifest attribute in C:\Users\maste\.m2\repository\org\glassfish\jaxb\jaxb-runtime\2.3.2\jaxb-runtime-2.3.2.jar referenced one or more files that do not exist: file:/C:/Users/maste/.m2/repository/org/glassfish/jaxb/jaxb-runtime/2.3.2/jakarta.xml.bind-api-2.3.2.jar,file:/C:/Users/maste/.m2/repository/org/glassfish/jaxb/jaxb-runtime/2.3.2/txw2-2.3.2.jar,file:/C:/Users/maste/.m2/repository/org/glassfish/jaxb/jaxb-runtime/2.3.2/istack-commons-runtime-3.0.8.jar,file:/C:/Users/maste/.m2/repository/org/glassfish/jaxb/jaxb-runtime/2.3.2/stax-ex-1.8.1.jar,file:/C:/Users/maste/.m2/repository/org/glassfish/jaxb/jaxb-runtime/2.3.2/FastInfoset-1.2.16.jar,file:/C:/Users/maste/.m2/repository/org/glassfish/jaxb/jaxb-runtime/2.3.2/jakarta.activation-api-1.2.1.jar
2021-06-22 18:13:29.510  INFO 3752 --- [restartedMain] o.s.b.devtools.restart.ChangeableUrls    : The Class-Path manifest attribute in C:\Users\maste\.m2\repository\org\glassfish\hk2\hk2\2.6.1\hk2-2.6.1.jar referenced one or more files that do not exist: file:/C:/Users/maste/.m2/repository/org/glassfish/hk2/hk2/2.6.1/hk2-utils.jar,file:/C:/Users/maste/.m2/repository/org/glassfish/hk2/hk2/2.6.1/jakarta.annotation-api.jar,file:/C:/Users/maste/.m2/repository/org/glassfish/hk2/hk2/2.6.1/jakarta.inject.jar,file:/C:/Users/maste/.m2/repository/org/glassfish/hk2/hk2/2.6.1/hk2-api.jar,file:/C:/Users/maste/.m2/repository/org/glassfish/hk2/hk2/2.6.1/aopalliance-repackaged.jar,file:/C:/Users/maste/.m2/repository/org/glassfish/hk2/hk2/2.6.1/hk2-core.jar,file:/C:/Users/maste/.m2/repository/org/glassfish/hk2/hk2/2.6.1/hk2-locator.jar,file:/C:/Users/maste/.m2/repository/org/glassfish/hk2/hk2/2.6.1/javassist.jar,file:/C:/Users/maste/.m2/repository/org/glassfish/hk2/hk2/2.6.1/hk2-runlevel.jar,file:/C:/Users/maste/.m2/repository/org/glassfish/hk2/hk2/2.6.1/class-model.jar,file:/C:/Users/maste/.m2/repository/org/glassfish/hk2/hk2/2.6.1/asm.jar,file:/C:/Users/maste/.m2/repository/org/glassfish/hk2/hk2/2.6.1/asm-analysis.jar,file:/C:/Users/maste/.m2/repository/org/glassfish/hk2/hk2/2.6.1/asm-commons.jar,file:/C:/Users/maste/.m2/repository/org/glassfish/hk2/hk2/2.6.1/asm-tree.jar,file:/C:/Users/maste/.m2/repository/org/glassfish/hk2/hk2/2.6.1/asm-util.jar
2021-06-22 18:13:29.510  INFO 3752 --- [restartedMain] .e.DevToolsPropertyDefaultsPostProcessor : Devtools property defaults active! Set 'spring.devtools.add-properties' to 'false' to disable
2021-06-22 18:13:29.511  INFO 3752 --- [restartedMain] .e.DevToolsPropertyDefaultsPostProcessor : For additional web related logging consider setting the 'logging.level.web' property to 'DEBUG'
2021-06-22 18:13:30.376  INFO 3752 --- [restartedMain] .s.d.r.c.RepositoryConfigurationDelegate : Bootstrapping Spring Data JPA repositories in DEFAULT mode.
2021-06-22 18:13:30.448  INFO 3752 --- [restartedMain] .s.d.r.c.RepositoryConfigurationDelegate : Finished Spring Data repository scanning in 63ms. Found 3 JPA repository interfaces.
2021-06-22 18:13:31.388  INFO 3752 --- [restartedMain] o.s.b.w.embedded.tomcat.TomcatWebServer  : Tomcat initialized with port(s): 8080 (http)
2021-06-22 18:13:31.547  INFO 3752 --- [restartedMain] o.s.web.context.ContextLoader            : Root WebApplicationContext: initialization completed in 2036 ms
2021-06-22 18:13:31.907  INFO 3752 --- [restartedMain] o.s.b.a.h2.H2ConsoleAutoConfiguration    : H2 console available at '/h2-console'. Database available at 'jdbc:postgresql://localhost:5432/pma-springbootdb'
2021-06-22 18:13:33.540  INFO 3752 --- [restartedMain] j.LocalContainerEntityManagerFactoryBean : Initialized JPA EntityManagerFactory for persistence unit 'default'
2021-06-22 18:13:33.995  WARN 3752 --- [restartedMain] JpaBaseConfiguration$JpaWebConfiguration : spring.jpa.open-in-view is enabled by default. Therefore, database queries may be performed during view rendering. Explicitly configure spring.jpa.open-in-view to disable this warning
2021-06-22 18:13:34.551  INFO 3752 --- [restartedMain] o.s.s.web.DefaultSecurityFilterChain     : Creating filter chain: any request, [org.springframework.security.web.context.request.async.WebAsyncManagerIntegrationFilter@39ff89d3, org.springframework.security.web.context.SecurityContextPersistenceFilter@3f3f087, org.springframework.security.web.header.HeaderWriterFilter@4e9dd8cf, org.springframework.security.web.csrf.CsrfFilter@2e476fcc, org.springframework.security.web.authentication.logout.LogoutFilter@727e9527, org.springframework.security.web.authentication.UsernamePasswordAuthenticationFilter@3ec2d2f4, org.springframework.security.web.authentication.ui.DefaultLoginPageGeneratingFilter@7564c664, org.springframework.security.web.authentication.ui.DefaultLogoutPageGeneratingFilter@714a770b, org.springframework.security.web.savedrequest.RequestCacheAwareFilter@6f4db479, org.springframework.security.web.servletapi.SecurityContextHolderAwareRequestFilter@173f632d, org.springframework.security.web.authentication.AnonymousAuthenticationFilter@5433a43f, org.springframework.security.web.session.SessionManagementFilter@72d5ce13, org.springframework.security.web.access.ExceptionTranslationFilter@468c1464, org.springframework.security.web.access.intercept.FilterSecurityInterceptor@79d97cad]
2021-06-22 18:13:34.716  INFO 3752 --- [restartedMain] o.s.s.concurrent.ThreadPoolTaskExecutor  : Initializing ExecutorService 'applicationTaskExecutor'
2021-06-22 18:13:35.170  WARN 3752 --- [restartedMain] o.s.b.d.a.OptionalLiveReloadServer       : Unable to start LiveReload server
2021-06-22 18:13:35.209  WARN 3752 --- [restartedMain] o.a.c.loader.WebappClassLoaderBase       : The web application [ROOT] appears to have started a thread named [HikariPool-1 housekeeper] but has failed to stop it. This is very likely to create a memory leak. Stack trace of thread:
 java.base@11.0.6/jdk.internal.misc.Unsafe.park(Native Method)
 java.base@11.0.6/java.util.concurrent.locks.LockSupport.parkNanos(LockSupport.java:234)
 java.base@11.0.6/java.util.concurrent.locks.AbstractQueuedSynchronizer$ConditionObject.awaitNanos(AbstractQueuedSynchronizer.java:2123)
 java.base@11.0.6/java.util.concurrent.ScheduledThreadPoolExecutor$DelayedWorkQueue.take(ScheduledThreadPoolExecutor.java:1182)
 java.base@11.0.6/java.util.concurrent.ScheduledThreadPoolExecutor$DelayedWorkQueue.take(ScheduledThreadPoolExecutor.java:899)
 java.base@11.0.6/java.util.concurrent.ThreadPoolExecutor.getTask(ThreadPoolExecutor.java:1054)
 java.base@11.0.6/java.util.concurrent.ThreadPoolExecutor.runWorker(ThreadPoolExecutor.java:1114)
 java.base@11.0.6/java.util.concurrent.ThreadPoolExecutor$Worker.run(ThreadPoolExecutor.java:628)
 java.base@11.0.6/java.lang.Thread.run(Thread.java:834)
2021-06-22 18:13:35.210  WARN 3752 --- [restartedMain] o.a.c.loader.WebappClassLoaderBase       : The web application [ROOT] appears to have started a thread named [HikariPool-1 connection adder] but has failed to stop it. This is very likely to create a memory leak. Stack trace of thread:
 java.base@11.0.6/jdk.internal.misc.Unsafe.park(Native Method)
 java.base@11.0.6/java.util.concurrent.locks.LockSupport.parkNanos(LockSupport.java:234)
 java.base@11.0.6/java.util.concurrent.locks.AbstractQueuedSynchronizer$ConditionObject.awaitNanos(AbstractQueuedSynchronizer.java:2123)
 java.base@11.0.6/java.util.concurrent.LinkedBlockingQueue.poll(LinkedBlockingQueue.java:458)
 java.base@11.0.6/java.util.concurrent.ThreadPoolExecutor.getTask(ThreadPoolExecutor.java:1053)
 java.base@11.0.6/java.util.concurrent.ThreadPoolExecutor.runWorker(ThreadPoolExecutor.java:1114)
 java.base@11.0.6/java.util.concurrent.ThreadPoolExecutor$Worker.run(ThreadPoolExecutor.java:628)
 java.base@11.0.6/java.lang.Thread.run(Thread.java:834)
2021-06-22 18:13:35.214  INFO 3752 --- [restartedMain] ConditionEvaluationReportLoggingListener : 

Error starting ApplicationContext. To display the conditions report re-run your application with 'debug' enabled.
2021-06-22 18:13:35.215 ERROR 3752 --- [restartedMain] o.s.b.d.LoggingFailureAnalysisReporter   : 

***************************
APPLICATION FAILED TO START
***************************

Description:

Web server failed to start. Port 8080 was already in use.

Action:

Identify and stop the process that's listening on port 8080 or configure this application to listen on another port.

2021-06-22 18:13:35.218  INFO 3752 --- [restartedMain] o.s.s.concurrent.ThreadPoolTaskExecutor  : Shutting down ExecutorService 'applicationTaskExecutor'
2021-06-22 18:13:35.219  INFO 3752 --- [restartedMain] j.LocalContainerEntityManagerFactoryBean : Closing JPA EntityManagerFactory for persistence unit 'default'
2021-06-22 18:23:33.290  INFO 14992 --- [restartedMain] c.jrp.pma.ProjectManegementApplication   : Starting ProjectManegementApplication on DESKTOP-3R63RPJ with PID 14992 (E:\Spring\SpringCourse\target\classes started by maste in E:\Spring\SpringCourse)
2021-06-22 18:23:33.293 DEBUG 14992 --- [restartedMain] c.jrp.pma.ProjectManegementApplication   : Running with Spring Boot v2.2.6.RELEASE, Spring v5.2.5.RELEASE
2021-06-22 18:23:33.294  INFO 14992 --- [restartedMain] c.jrp.pma.ProjectManegementApplication   : The following profiles are active: dev
2021-06-22 18:23:33.333  INFO 14992 --- [restartedMain] o.s.b.devtools.restart.ChangeableUrls    : The Class-Path manifest attribute in C:\Users\maste\.m2\repository\org\glassfish\jaxb\jaxb-runtime\2.3.2\jaxb-runtime-2.3.2.jar referenced one or more files that do not exist: file:/C:/Users/maste/.m2/repository/org/glassfish/jaxb/jaxb-runtime/2.3.2/jakarta.xml.bind-api-2.3.2.jar,file:/C:/Users/maste/.m2/repository/org/glassfish/jaxb/jaxb-runtime/2.3.2/txw2-2.3.2.jar,file:/C:/Users/maste/.m2/repository/org/glassfish/jaxb/jaxb-runtime/2.3.2/istack-commons-runtime-3.0.8.jar,file:/C:/Users/maste/.m2/repository/org/glassfish/jaxb/jaxb-runtime/2.3.2/stax-ex-1.8.1.jar,file:/C:/Users/maste/.m2/repository/org/glassfish/jaxb/jaxb-runtime/2.3.2/FastInfoset-1.2.16.jar,file:/C:/Users/maste/.m2/repository/org/glassfish/jaxb/jaxb-runtime/2.3.2/jakarta.activation-api-1.2.1.jar
2021-06-22 18:23:33.333  INFO 14992 --- [restartedMain] o.s.b.devtools.restart.ChangeableUrls    : The Class-Path manifest attribute in C:\Users\maste\.m2\repository\org\glassfish\hk2\hk2\2.6.1\hk2-2.6.1.jar referenced one or more files that do not exist: file:/C:/Users/maste/.m2/repository/org/glassfish/hk2/hk2/2.6.1/hk2-utils.jar,file:/C:/Users/maste/.m2/repository/org/glassfish/hk2/hk2/2.6.1/jakarta.annotation-api.jar,file:/C:/Users/maste/.m2/repository/org/glassfish/hk2/hk2/2.6.1/jakarta.inject.jar,file:/C:/Users/maste/.m2/repository/org/glassfish/hk2/hk2/2.6.1/hk2-api.jar,file:/C:/Users/maste/.m2/repository/org/glassfish/hk2/hk2/2.6.1/aopalliance-repackaged.jar,file:/C:/Users/maste/.m2/repository/org/glassfish/hk2/hk2/2.6.1/hk2-core.jar,file:/C:/Users/maste/.m2/repository/org/glassfish/hk2/hk2/2.6.1/hk2-locator.jar,file:/C:/Users/maste/.m2/repository/org/glassfish/hk2/hk2/2.6.1/javassist.jar,file:/C:/Users/maste/.m2/repository/org/glassfish/hk2/hk2/2.6.1/hk2-runlevel.jar,file:/C:/Users/maste/.m2/repository/org/glassfish/hk2/hk2/2.6.1/class-model.jar,file:/C:/Users/maste/.m2/repository/org/glassfish/hk2/hk2/2.6.1/asm.jar,file:/C:/Users/maste/.m2/repository/org/glassfish/hk2/hk2/2.6.1/asm-analysis.jar,file:/C:/Users/maste/.m2/repository/org/glassfish/hk2/hk2/2.6.1/asm-commons.jar,file:/C:/Users/maste/.m2/repository/org/glassfish/hk2/hk2/2.6.1/asm-tree.jar,file:/C:/Users/maste/.m2/repository/org/glassfish/hk2/hk2/2.6.1/asm-util.jar
2021-06-22 18:23:33.333  INFO 14992 --- [restartedMain] .e.DevToolsPropertyDefaultsPostProcessor : Devtools property defaults active! Set 'spring.devtools.add-properties' to 'false' to disable
2021-06-22 18:23:33.334  INFO 14992 --- [restartedMain] .e.DevToolsPropertyDefaultsPostProcessor : For additional web related logging consider setting the 'logging.level.web' property to 'DEBUG'
2021-06-22 18:23:34.089  INFO 14992 --- [restartedMain] .s.d.r.c.RepositoryConfigurationDelegate : Bootstrapping Spring Data JPA repositories in DEFAULT mode.
2021-06-22 18:23:34.159  INFO 14992 --- [restartedMain] .s.d.r.c.RepositoryConfigurationDelegate : Finished Spring Data repository scanning in 61ms. Found 3 JPA repository interfaces.
2021-06-22 18:23:35.121  INFO 14992 --- [restartedMain] o.s.b.w.embedded.tomcat.TomcatWebServer  : Tomcat initialized with port(s): 8080 (http)
2021-06-22 18:23:35.242  INFO 14992 --- [restartedMain] o.s.web.context.ContextLoader            : Root WebApplicationContext: initialization completed in 1908 ms
2021-06-22 18:23:35.529  INFO 14992 --- [restartedMain] o.s.b.a.h2.H2ConsoleAutoConfiguration    : H2 console available at '/h2-console'. Database available at 'jdbc:postgresql://localhost:5432/pma-springbootdb'
2021-06-22 18:23:37.023  INFO 14992 --- [restartedMain] j.LocalContainerEntityManagerFactoryBean : Initialized JPA EntityManagerFactory for persistence unit 'default'
2021-06-22 18:23:37.467  WARN 14992 --- [restartedMain] JpaBaseConfiguration$JpaWebConfiguration : spring.jpa.open-in-view is enabled by default. Therefore, database queries may be performed during view rendering. Explicitly configure spring.jpa.open-in-view to disable this warning
2021-06-22 18:23:38.073  INFO 14992 --- [restartedMain] o.s.s.web.DefaultSecurityFilterChain     : Creating filter chain: any request, [org.springframework.security.web.context.request.async.WebAsyncManagerIntegrationFilter@5d2264c2, org.springframework.security.web.context.SecurityContextPersistenceFilter@70c15eff, org.springframework.security.web.header.HeaderWriterFilter@39ca1de2, org.springframework.security.web.csrf.CsrfFilter@67b94de4, org.springframework.security.web.authentication.logout.LogoutFilter@4a7085c2, org.springframework.security.web.authentication.UsernamePasswordAuthenticationFilter@3619e688, org.springframework.security.web.authentication.ui.DefaultLoginPageGeneratingFilter@6553c3f4, org.springframework.security.web.authentication.ui.DefaultLogoutPageGeneratingFilter@37e8ff68, org.springframework.security.web.savedrequest.RequestCacheAwareFilter@4d21e359, org.springframework.security.web.servletapi.SecurityContextHolderAwareRequestFilter@4fef150, org.springframework.security.web.authentication.AnonymousAuthenticationFilter@4c226a86, org.springframework.security.web.session.SessionManagementFilter@563b874c, org.springframework.security.web.access.ExceptionTranslationFilter@448e4f6f, org.springframework.security.web.access.intercept.FilterSecurityInterceptor@48d6dae0]
2021-06-22 18:23:38.231  INFO 14992 --- [restartedMain] o.s.s.concurrent.ThreadPoolTaskExecutor  : Initializing ExecutorService 'applicationTaskExecutor'
2021-06-22 18:23:38.728  INFO 14992 --- [restartedMain] o.s.b.d.a.OptionalLiveReloadServer       : LiveReload server is running on port 35729
2021-06-22 18:23:38.782  INFO 14992 --- [restartedMain] o.s.b.w.embedded.tomcat.TomcatWebServer  : Tomcat started on port(s): 8080 (http) with context path ''
2021-06-22 18:23:38.786  INFO 14992 --- [restartedMain] c.jrp.pma.ProjectManegementApplication   : Started ProjectManegementApplication in 5.831 seconds (JVM running for 7.016)
2021-06-22 18:23:42.678  INFO 14992 --- [http-nio-8080-exec-1] o.s.web.servlet.DispatcherServlet        : Initializing Servlet 'dispatcherServlet'
2021-06-22 18:23:42.704  INFO 14992 --- [http-nio-8080-exec-1] o.s.web.servlet.DispatcherServlet        : Completed initialization in 25 ms
2021-06-22 18:23:43.082  WARN 14992 --- [http-nio-8080-exec-1] o.a.c.util.SessionIdGeneratorBase        : Creation of SecureRandom instance for session ID generation using [SHA1PRNG] took [340] milliseconds.
2021-06-22 18:23:49.091 DEBUG 14992 --- [http-nio-8080-exec-4] c.j.pma.logging.ApplicationLoggerAspect  : 
 
 

2021-06-22 18:23:49.092 DEBUG 14992 --- [http-nio-8080-exec-4] c.j.pma.logging.ApplicationLoggerAspect  : *********** Before Method Execution *********** 
 com.jrp.pma.controllers.HomeController.displayHome () with arguments[s] = [{}]
2021-06-22 18:23:49.093 DEBUG 14992 --- [http-nio-8080-exec-4] c.j.pma.logging.ApplicationLoggerAspect  : ____________________ ___________________ 
 
 
2021-06-22 18:23:49.346 DEBUG 14992 --- [http-nio-8080-exec-4] c.j.pma.logging.ApplicationLoggerAspect  : *********** After Method Execution *********** 
 com.jrp.pma.controllers.HomeController.displayHome () with arguments[s] = [{versionNumber=dev, projectsList=[com.jrp.pma.entities.Project@35489563, com.jrp.pma.entities.Project@79231099, com.jrp.pma.entities.Project@5a943e0d, com.jrp.pma.entities.Project@68646e60, com.jrp.pma.entities.Project@1bd370aa, com.jrp.pma.entities.Project@63e9db3d, com.jrp.pma.entities.Project@49f73788, com.jrp.pma.entities.Project@61cd9728], projectStatusCnt=[{"value":6,"label":"INPROGRESS"},{"value":1,"label":"COMPLETED"},{"value":1,"label":"NOTSTARTED"}], employeesListProjectsCnt=[org.springframework.data.jpa.repository.query.AbstractJpaQuery$TupleConverter$TupleBackedMap@2bc987c7, org.springframework.data.jpa.repository.query.AbstractJpaQuery$TupleConverter$TupleBackedMap@3bdb106, org.springframework.data.jpa.repository.query.AbstractJpaQuery$TupleConverter$TupleBackedMap@196cd43f, org.springframework.data.jpa.repository.query.AbstractJpaQuery$TupleConverter$TupleBackedMap@582907c3, org.springframework.data.jpa.repository.query.AbstractJpaQuery$TupleConverter$TupleBackedMap@3fb944be, org.springframework.data.jpa.repository.query.AbstractJpaQuery$TupleConverter$TupleBackedMap@51e2f7ce, org.springframework.data.jpa.repository.query.AbstractJpaQuery$TupleConverter$TupleBackedMap@2e501ce1, org.springframework.data.jpa.repository.query.AbstractJpaQuery$TupleConverter$TupleBackedMap@3e5711f7, org.springframework.data.jpa.repository.query.AbstractJpaQuery$TupleConverter$TupleBackedMap@4b3e3e37]}]
2021-06-22 18:23:49.347 DEBUG 14992 --- [http-nio-8080-exec-4] c.j.pma.logging.ApplicationLoggerAspect  : ____________________ ___________________ 
 

2021-06-22 18:23:49.746 DEBUG 14992 --- [http-nio-8080-exec-6] c.j.pma.logging.ApplicationLoggerAspect  : 
 
 

2021-06-22 18:23:49.746 DEBUG 14992 --- [http-nio-8080-exec-6] c.j.pma.logging.ApplicationLoggerAspect  : *********** Before Method Execution *********** 
 com.jrp.pma.controllers.AppErrorController.handleError () with arguments[s] = [SecurityContextHolderAwareRequestWrapper[ org.springframework.security.web.context.HttpSessionSecurityContextRepository$SaveToSessionRequestWrapper@6a263974]]
2021-06-22 18:23:49.746 DEBUG 14992 --- [http-nio-8080-exec-6] c.j.pma.logging.ApplicationLoggerAspect  : ____________________ ___________________ 
 
 
2021-06-22 18:23:49.750 DEBUG 14992 --- [http-nio-8080-exec-6] c.j.pma.logging.ApplicationLoggerAspect  : *********** After Method Execution *********** 
 com.jrp.pma.controllers.AppErrorController.handleError () with arguments[s] = [SecurityContextHolderAwareRequestWrapper[ org.springframework.security.web.context.HttpSessionSecurityContextRepository$SaveToSessionRequestWrapper@6a263974]]
2021-06-22 18:23:49.750 DEBUG 14992 --- [http-nio-8080-exec-6] c.j.pma.logging.ApplicationLoggerAspect  : ____________________ ___________________ 
 

2021-06-22 18:23:53.541 DEBUG 14992 --- [http-nio-8080-exec-8] c.j.pma.logging.ApplicationLoggerAspect  : 
 
 

2021-06-22 18:23:53.541 DEBUG 14992 --- [http-nio-8080-exec-8] c.j.pma.logging.ApplicationLoggerAspect  : *********** Before Method Execution *********** 
 com.jrp.pma.controllers.EmployeeController.getEmployees () with arguments[s] = [{}]
2021-06-22 18:23:53.541 DEBUG 14992 --- [http-nio-8080-exec-8] c.j.pma.logging.ApplicationLoggerAspect  : ____________________ ___________________ 
 
 
2021-06-22 18:23:53.549 DEBUG 14992 --- [http-nio-8080-exec-8] c.j.pma.logging.ApplicationLoggerAspect  : *********** After Method Execution *********** 
 com.jrp.pma.controllers.EmployeeController.getEmployees () with arguments[s] = [{employeesList=[com.jrp.pma.entities.Employee@4c455439, com.jrp.pma.entities.Employee@270023f3, com.jrp.pma.entities.Employee@63a93000, com.jrp.pma.entities.Employee@5186ce5d, com.jrp.pma.entities.Employee@3704acc8, com.jrp.pma.entities.Employee@11bd1e60, com.jrp.pma.entities.Employee@3bbe0567, com.jrp.pma.entities.Employee@5cadd06b, com.jrp.pma.entities.Employee@4e5d45da]}]
2021-06-22 18:23:53.549 DEBUG 14992 --- [http-nio-8080-exec-8] c.j.pma.logging.ApplicationLoggerAspect  : ____________________ ___________________ 
 

2021-06-22 18:23:53.827 DEBUG 14992 --- [http-nio-8080-exec-10] c.j.pma.logging.ApplicationLoggerAspect  : 
 
 

2021-06-22 18:23:53.827 DEBUG 14992 --- [http-nio-8080-exec-10] c.j.pma.logging.ApplicationLoggerAspect  : *********** Before Method Execution *********** 
 com.jrp.pma.controllers.AppErrorController.handleError () with arguments[s] = [SecurityContextHolderAwareRequestWrapper[ org.springframework.security.web.context.HttpSessionSecurityContextRepository$SaveToSessionRequestWrapper@1cb978a6]]
2021-06-22 18:23:53.827 DEBUG 14992 --- [http-nio-8080-exec-10] c.j.pma.logging.ApplicationLoggerAspect  : ____________________ ___________________ 
 
 
2021-06-22 18:23:53.827 DEBUG 14992 --- [http-nio-8080-exec-10] c.j.pma.logging.ApplicationLoggerAspect  : *********** After Method Execution *********** 
 com.jrp.pma.controllers.AppErrorController.handleError () with arguments[s] = [SecurityContextHolderAwareRequestWrapper[ org.springframework.security.web.context.HttpSessionSecurityContextRepository$SaveToSessionRequestWrapper@1cb978a6]]
2021-06-22 18:23:53.828 DEBUG 14992 --- [http-nio-8080-exec-10] c.j.pma.logging.ApplicationLoggerAspect  : ____________________ ___________________ 
 

2021-06-22 18:23:53.880 DEBUG 14992 --- [http-nio-8080-exec-1] c.j.pma.logging.ApplicationLoggerAspect  : 
 
 

2021-06-22 18:23:53.880 DEBUG 14992 --- [http-nio-8080-exec-1] c.j.pma.logging.ApplicationLoggerAspect  : *********** Before Method Execution *********** 
 com.jrp.pma.controllers.AppErrorController.handleError () with arguments[s] = [SecurityContextHolderAwareRequestWrapper[ org.springframework.security.web.context.HttpSessionSecurityContextRepository$SaveToSessionRequestWrapper@4132e376]]
2021-06-22 18:23:53.880 DEBUG 14992 --- [http-nio-8080-exec-1] c.j.pma.logging.ApplicationLoggerAspect  : ____________________ ___________________ 
 
 
2021-06-22 18:23:53.880 DEBUG 14992 --- [http-nio-8080-exec-1] c.j.pma.logging.ApplicationLoggerAspect  : *********** After Method Execution *********** 
 com.jrp.pma.controllers.AppErrorController.handleError () with arguments[s] = [SecurityContextHolderAwareRequestWrapper[ org.springframework.security.web.context.HttpSessionSecurityContextRepository$SaveToSessionRequestWrapper@4132e376]]
2021-06-22 18:23:53.880 DEBUG 14992 --- [http-nio-8080-exec-1] c.j.pma.logging.ApplicationLoggerAspect  : ____________________ ___________________ 
 

2021-06-22 18:23:55.160 DEBUG 14992 --- [http-nio-8080-exec-2] c.j.pma.logging.ApplicationLoggerAspect  : 
 
 

2021-06-22 18:23:55.160 DEBUG 14992 --- [http-nio-8080-exec-2] c.j.pma.logging.ApplicationLoggerAspect  : *********** Before Method Execution *********** 
 com.jrp.pma.controllers.ProjectController.getEmployees () with arguments[s] = [{}]
2021-06-22 18:23:55.160 DEBUG 14992 --- [http-nio-8080-exec-2] c.j.pma.logging.ApplicationLoggerAspect  : ____________________ ___________________ 
 
 
2021-06-22 18:23:55.167 DEBUG 14992 --- [http-nio-8080-exec-2] c.j.pma.logging.ApplicationLoggerAspect  : *********** After Method Execution *********** 
 com.jrp.pma.controllers.ProjectController.getEmployees () with arguments[s] = [{projectsList=[com.jrp.pma.entities.Project@2269939b, com.jrp.pma.entities.Project@487edb71, com.jrp.pma.entities.Project@567599c6, com.jrp.pma.entities.Project@127f2fe, com.jrp.pma.entities.Project@6fbc5c0a, com.jrp.pma.entities.Project@51a7b7df, com.jrp.pma.entities.Project@18395abf, com.jrp.pma.entities.Project@744c1f28]}]
2021-06-22 18:23:55.167 DEBUG 14992 --- [http-nio-8080-exec-2] c.j.pma.logging.ApplicationLoggerAspect  : ____________________ ___________________ 
 

2021-06-22 18:23:55.448 DEBUG 14992 --- [http-nio-8080-exec-4] c.j.pma.logging.ApplicationLoggerAspect  : 
 
 

2021-06-22 18:23:55.448 DEBUG 14992 --- [http-nio-8080-exec-4] c.j.pma.logging.ApplicationLoggerAspect  : *********** Before Method Execution *********** 
 com.jrp.pma.controllers.AppErrorController.handleError () with arguments[s] = [SecurityContextHolderAwareRequestWrapper[ org.springframework.security.web.context.HttpSessionSecurityContextRepository$SaveToSessionRequestWrapper@862a5a]]
2021-06-22 18:23:55.448 DEBUG 14992 --- [http-nio-8080-exec-4] c.j.pma.logging.ApplicationLoggerAspect  : ____________________ ___________________ 
 
 
2021-06-22 18:23:55.448 DEBUG 14992 --- [http-nio-8080-exec-4] c.j.pma.logging.ApplicationLoggerAspect  : *********** After Method Execution *********** 
 com.jrp.pma.controllers.AppErrorController.handleError () with arguments[s] = [SecurityContextHolderAwareRequestWrapper[ org.springframework.security.web.context.HttpSessionSecurityContextRepository$SaveToSessionRequestWrapper@862a5a]]
2021-06-22 18:23:55.448 DEBUG 14992 --- [http-nio-8080-exec-4] c.j.pma.logging.ApplicationLoggerAspect  : ____________________ ___________________ 
 

2021-06-22 18:23:55.499 DEBUG 14992 --- [http-nio-8080-exec-5] c.j.pma.logging.ApplicationLoggerAspect  : 
 
 

2021-06-22 18:23:55.499 DEBUG 14992 --- [http-nio-8080-exec-5] c.j.pma.logging.ApplicationLoggerAspect  : *********** Before Method Execution *********** 
 com.jrp.pma.controllers.AppErrorController.handleError () with arguments[s] = [SecurityContextHolderAwareRequestWrapper[ org.springframework.security.web.context.HttpSessionSecurityContextRepository$SaveToSessionRequestWrapper@c38a9b2]]
2021-06-22 18:23:55.499 DEBUG 14992 --- [http-nio-8080-exec-5] c.j.pma.logging.ApplicationLoggerAspect  : ____________________ ___________________ 
 
 
2021-06-22 18:23:55.499 DEBUG 14992 --- [http-nio-8080-exec-5] c.j.pma.logging.ApplicationLoggerAspect  : *********** After Method Execution *********** 
 com.jrp.pma.controllers.AppErrorController.handleError () with arguments[s] = [SecurityContextHolderAwareRequestWrapper[ org.springframework.security.web.context.HttpSessionSecurityContextRepository$SaveToSessionRequestWrapper@c38a9b2]]
2021-06-22 18:23:55.499 DEBUG 14992 --- [http-nio-8080-exec-5] c.j.pma.logging.ApplicationLoggerAspect  : ____________________ ___________________ 
 

2021-06-22 18:23:56.314 DEBUG 14992 --- [http-nio-8080-exec-6] c.j.pma.logging.ApplicationLoggerAspect  : 
 
 

2021-06-22 18:23:56.315 DEBUG 14992 --- [http-nio-8080-exec-6] c.j.pma.logging.ApplicationLoggerAspect  : *********** Before Method Execution *********** 
 com.jrp.pma.controllers.EmployeeController.getEmployees () with arguments[s] = [{}]
2021-06-22 18:23:56.315 DEBUG 14992 --- [http-nio-8080-exec-6] c.j.pma.logging.ApplicationLoggerAspect  : ____________________ ___________________ 
 
 
2021-06-22 18:23:56.317 DEBUG 14992 --- [http-nio-8080-exec-6] c.j.pma.logging.ApplicationLoggerAspect  : *********** After Method Execution *********** 
 com.jrp.pma.controllers.EmployeeController.getEmployees () with arguments[s] = [{employeesList=[com.jrp.pma.entities.Employee@453ccbe7, com.jrp.pma.entities.Employee@4f7aefa1, com.jrp.pma.entities.Employee@1f5350f5, com.jrp.pma.entities.Employee@572c9b28, com.jrp.pma.entities.Employee@74ec11d9, com.jrp.pma.entities.Employee@5a64ed56, com.jrp.pma.entities.Employee@4e124d1a, com.jrp.pma.entities.Employee@3dea3035, com.jrp.pma.entities.Employee@42c3b7cf]}]
2021-06-22 18:23:56.318 DEBUG 14992 --- [http-nio-8080-exec-6] c.j.pma.logging.ApplicationLoggerAspect  : ____________________ ___________________ 
 

2021-06-22 18:23:56.365 DEBUG 14992 --- [http-nio-8080-exec-8] c.j.pma.logging.ApplicationLoggerAspect  : 
 
 

2021-06-22 18:23:56.365 DEBUG 14992 --- [http-nio-8080-exec-8] c.j.pma.logging.ApplicationLoggerAspect  : *********** Before Method Execution *********** 
 com.jrp.pma.controllers.AppErrorController.handleError () with arguments[s] = [SecurityContextHolderAwareRequestWrapper[ org.springframework.security.web.context.HttpSessionSecurityContextRepository$SaveToSessionRequestWrapper@7a2c89a9]]
2021-06-22 18:23:56.365 DEBUG 14992 --- [http-nio-8080-exec-8] c.j.pma.logging.ApplicationLoggerAspect  : ____________________ ___________________ 
 
 
2021-06-22 18:23:56.365 DEBUG 14992 --- [http-nio-8080-exec-8] c.j.pma.logging.ApplicationLoggerAspect  : *********** After Method Execution *********** 
 com.jrp.pma.controllers.AppErrorController.handleError () with arguments[s] = [SecurityContextHolderAwareRequestWrapper[ org.springframework.security.web.context.HttpSessionSecurityContextRepository$SaveToSessionRequestWrapper@7a2c89a9]]
2021-06-22 18:23:56.366 DEBUG 14992 --- [http-nio-8080-exec-8] c.j.pma.logging.ApplicationLoggerAspect  : ____________________ ___________________ 
 

2021-06-22 18:23:56.420 DEBUG 14992 --- [http-nio-8080-exec-9] c.j.pma.logging.ApplicationLoggerAspect  : 
 
 

2021-06-22 18:23:56.421 DEBUG 14992 --- [http-nio-8080-exec-9] c.j.pma.logging.ApplicationLoggerAspect  : *********** Before Method Execution *********** 
 com.jrp.pma.controllers.AppErrorController.handleError () with arguments[s] = [SecurityContextHolderAwareRequestWrapper[ org.springframework.security.web.context.HttpSessionSecurityContextRepository$SaveToSessionRequestWrapper@3e9ed016]]
2021-06-22 18:23:56.421 DEBUG 14992 --- [http-nio-8080-exec-9] c.j.pma.logging.ApplicationLoggerAspect  : ____________________ ___________________ 
 
 
2021-06-22 18:23:56.421 DEBUG 14992 --- [http-nio-8080-exec-9] c.j.pma.logging.ApplicationLoggerAspect  : *********** After Method Execution *********** 
 com.jrp.pma.controllers.AppErrorController.handleError () with arguments[s] = [SecurityContextHolderAwareRequestWrapper[ org.springframework.security.web.context.HttpSessionSecurityContextRepository$SaveToSessionRequestWrapper@3e9ed016]]
2021-06-22 18:23:56.421 DEBUG 14992 --- [http-nio-8080-exec-9] c.j.pma.logging.ApplicationLoggerAspect  : ____________________ ___________________ 
 

2021-06-22 18:59:12.937  INFO 14992 --- [RMI TCP Connection(46)-127.0.0.1] inMXBeanRegistrar$SpringApplicationAdmin : Application shutdown requested.
2021-06-22 18:59:12.942  INFO 14992 --- [RMI TCP Connection(46)-127.0.0.1] o.s.s.concurrent.ThreadPoolTaskExecutor  : Shutting down ExecutorService 'applicationTaskExecutor'
2021-06-22 18:59:12.943  INFO 14992 --- [RMI TCP Connection(46)-127.0.0.1] j.LocalContainerEntityManagerFactoryBean : Closing JPA EntityManagerFactory for persistence unit 'default'
2021-06-22 18:59:22.295  INFO 12060 --- [restartedMain] c.jrp.pma.ProjectManegementApplication   : Starting ProjectManegementApplication on DESKTOP-3R63RPJ with PID 12060 (E:\Spring\SpringCourse\target\classes started by maste in E:\Spring\SpringCourse)
2021-06-22 18:59:22.303 DEBUG 12060 --- [restartedMain] c.jrp.pma.ProjectManegementApplication   : Running with Spring Boot v2.2.6.RELEASE, Spring v5.2.5.RELEASE
2021-06-22 18:59:22.304  INFO 12060 --- [restartedMain] c.jrp.pma.ProjectManegementApplication   : The following profiles are active: dev
2021-06-22 18:59:22.380  INFO 12060 --- [restartedMain] o.s.b.devtools.restart.ChangeableUrls    : The Class-Path manifest attribute in C:\Users\maste\.m2\repository\org\glassfish\jaxb\jaxb-runtime\2.3.2\jaxb-runtime-2.3.2.jar referenced one or more files that do not exist: file:/C:/Users/maste/.m2/repository/org/glassfish/jaxb/jaxb-runtime/2.3.2/jakarta.xml.bind-api-2.3.2.jar,file:/C:/Users/maste/.m2/repository/org/glassfish/jaxb/jaxb-runtime/2.3.2/txw2-2.3.2.jar,file:/C:/Users/maste/.m2/repository/org/glassfish/jaxb/jaxb-runtime/2.3.2/istack-commons-runtime-3.0.8.jar,file:/C:/Users/maste/.m2/repository/org/glassfish/jaxb/jaxb-runtime/2.3.2/stax-ex-1.8.1.jar,file:/C:/Users/maste/.m2/repository/org/glassfish/jaxb/jaxb-runtime/2.3.2/FastInfoset-1.2.16.jar,file:/C:/Users/maste/.m2/repository/org/glassfish/jaxb/jaxb-runtime/2.3.2/jakarta.activation-api-1.2.1.jar
2021-06-22 18:59:22.380  INFO 12060 --- [restartedMain] o.s.b.devtools.restart.ChangeableUrls    : The Class-Path manifest attribute in C:\Users\maste\.m2\repository\org\glassfish\hk2\hk2\2.6.1\hk2-2.6.1.jar referenced one or more files that do not exist: file:/C:/Users/maste/.m2/repository/org/glassfish/hk2/hk2/2.6.1/hk2-utils.jar,file:/C:/Users/maste/.m2/repository/org/glassfish/hk2/hk2/2.6.1/jakarta.annotation-api.jar,file:/C:/Users/maste/.m2/repository/org/glassfish/hk2/hk2/2.6.1/jakarta.inject.jar,file:/C:/Users/maste/.m2/repository/org/glassfish/hk2/hk2/2.6.1/hk2-api.jar,file:/C:/Users/maste/.m2/repository/org/glassfish/hk2/hk2/2.6.1/aopalliance-repackaged.jar,file:/C:/Users/maste/.m2/repository/org/glassfish/hk2/hk2/2.6.1/hk2-core.jar,file:/C:/Users/maste/.m2/repository/org/glassfish/hk2/hk2/2.6.1/hk2-locator.jar,file:/C:/Users/maste/.m2/repository/org/glassfish/hk2/hk2/2.6.1/javassist.jar,file:/C:/Users/maste/.m2/repository/org/glassfish/hk2/hk2/2.6.1/hk2-runlevel.jar,file:/C:/Users/maste/.m2/repository/org/glassfish/hk2/hk2/2.6.1/class-model.jar,file:/C:/Users/maste/.m2/repository/org/glassfish/hk2/hk2/2.6.1/asm.jar,file:/C:/Users/maste/.m2/repository/org/glassfish/hk2/hk2/2.6.1/asm-analysis.jar,file:/C:/Users/maste/.m2/repository/org/glassfish/hk2/hk2/2.6.1/asm-commons.jar,file:/C:/Users/maste/.m2/repository/org/glassfish/hk2/hk2/2.6.1/asm-tree.jar,file:/C:/Users/maste/.m2/repository/org/glassfish/hk2/hk2/2.6.1/asm-util.jar
2021-06-22 18:59:22.381  INFO 12060 --- [restartedMain] .e.DevToolsPropertyDefaultsPostProcessor : Devtools property defaults active! Set 'spring.devtools.add-properties' to 'false' to disable
2021-06-22 18:59:22.381  INFO 12060 --- [restartedMain] .e.DevToolsPropertyDefaultsPostProcessor : For additional web related logging consider setting the 'logging.level.web' property to 'DEBUG'
2021-06-22 18:59:23.465  INFO 12060 --- [restartedMain] .s.d.r.c.RepositoryConfigurationDelegate : Bootstrapping Spring Data JPA repositories in DEFAULT mode.
2021-06-22 18:59:23.567  INFO 12060 --- [restartedMain] .s.d.r.c.RepositoryConfigurationDelegate : Finished Spring Data repository scanning in 90ms. Found 3 JPA repository interfaces.
2021-06-22 18:59:24.884  INFO 12060 --- [restartedMain] o.s.b.w.embedded.tomcat.TomcatWebServer  : Tomcat initialized with port(s): 8080 (http)
2021-06-22 18:59:25.096  INFO 12060 --- [restartedMain] o.s.web.context.ContextLoader            : Root WebApplicationContext: initialization completed in 2715 ms
2021-06-22 18:59:25.444  INFO 12060 --- [restartedMain] o.s.b.a.h2.H2ConsoleAutoConfiguration    : H2 console available at '/h2-console'. Database available at 'jdbc:postgresql://localhost:5432/pma-springbootdb'
2021-06-22 18:59:27.843  INFO 12060 --- [restartedMain] j.LocalContainerEntityManagerFactoryBean : Initialized JPA EntityManagerFactory for persistence unit 'default'
2021-06-22 18:59:28.661  WARN 12060 --- [restartedMain] JpaBaseConfiguration$JpaWebConfiguration : spring.jpa.open-in-view is enabled by default. Therefore, database queries may be performed during view rendering. Explicitly configure spring.jpa.open-in-view to disable this warning
2021-06-22 18:59:29.848  INFO 12060 --- [restartedMain] o.s.s.web.DefaultSecurityFilterChain     : Creating filter chain: any request, [org.springframework.security.web.context.request.async.WebAsyncManagerIntegrationFilter@2a17e914, org.springframework.security.web.context.SecurityContextPersistenceFilter@1c5137a3, org.springframework.security.web.header.HeaderWriterFilter@f32f6a8, org.springframework.security.web.csrf.CsrfFilter@ef0d90d, org.springframework.security.web.authentication.logout.LogoutFilter@1e26f935, org.springframework.security.web.authentication.UsernamePasswordAuthenticationFilter@54ea6f41, org.springframework.security.web.authentication.ui.DefaultLoginPageGeneratingFilter@295ec752, org.springframework.security.web.authentication.ui.DefaultLogoutPageGeneratingFilter@166cba1c, org.springframework.security.web.savedrequest.RequestCacheAwareFilter@59bc5bb7, org.springframework.security.web.servletapi.SecurityContextHolderAwareRequestFilter@4bd2688a, org.springframework.security.web.authentication.AnonymousAuthenticationFilter@3e3c3817, org.springframework.security.web.session.SessionManagementFilter@3147b87, org.springframework.security.web.access.ExceptionTranslationFilter@401e5b6f, org.springframework.security.web.access.intercept.FilterSecurityInterceptor@72fa44b]
2021-06-22 18:59:30.172  INFO 12060 --- [restartedMain] o.s.s.concurrent.ThreadPoolTaskExecutor  : Initializing ExecutorService 'applicationTaskExecutor'
2021-06-22 18:59:31.151  INFO 12060 --- [restartedMain] o.s.b.d.a.OptionalLiveReloadServer       : LiveReload server is running on port 35729
